<?xml version="1.0" encoding="UTF-8"?>
<!-- Generated by org.testng.reporters.JUnitReportReporter -->
<testsuite skipped="0" hostname="LAPTOP-8CUGG0HS" name="com.james.tests.TestHomePage" tests="3" failures="0" timestamp="2020-10-25T18:49:28 GMT" time="49.892" errors="0">
  <testcase name="homePageTest" time="11.760" classname="com.james.tests.TestHomePage"/>
  <system-out/>
  <testcase name="homePageTest" time="13.172" classname="com.james.tests.TestHomePage"/>
  <system-out/>
  <testcase name="homePageTest" time="24.960" classname="com.james.tests.TestHomePage"/>
  <system-out/>
</testsuite> <!-- com.james.tests.TestHomePage -->
