<?xml version="1.0" encoding="UTF-8"?>
<!-- Generated by org.testng.reporters.JUnitReportReporter -->
<testsuite skipped="0" hostname="LAPTOP-8CUGG0HS" name="com.james.tests.TestHomePage" tests="3" failures="0" timestamp="2020-09-23T20:48:11 IST" time="27.479" errors="0">
  <testcase name="homePageTest" time="8.682" classname="com.james.tests.TestHomePage"/>
  <system-out/>
  <testcase name="homePageTest" time="9.102" classname="com.james.tests.TestHomePage"/>
  <system-out/>
  <testcase name="homePageTest" time="9.695" classname="com.james.tests.TestHomePage"/>
  <system-out/>
</testsuite> <!-- com.james.tests.TestHomePage -->
